<?xml version="1.0" encoding="UTF-8"?>
<!-- Generated by org.testng.reporters.JUnitXMLReporter -->
<testsuite hostname="gorozheyev" name="Default test" tests="8" failures="0" timestamp="29 Sep 2016 12:07:03 GMT" time="25.183" errors="0">
  <testcase name="testEmptyGroup" time="2.077" classname="com.example.tests.PracticGroupsTestsCopy"/>
  <testcase name="testNonEmptyGroup" time="1.935" classname="com.example.tests.PracticGroupsTestsCopy"/>
  <testcase name="testEmptyGroup" time="0.831" classname="com.example.tests.PracticGroupsTests"/>
  <testcase name="testNonEmptyGroup" time="0.929" classname="com.example.tests.PracticGroupsTests"/>
  <testcase name="tesEmptytRorPractic2" time="2.046" classname="CopyOfSecondTestGreationGroup"/>
  <testcase name="testRorPractic2" time="1.776" classname="CopyOfSecondTestGreationGroup"/>
  <testcase name="tesEmptytRorPractic2" time="0.847" classname="SecondTestGreationGroup"/>
  <testcase name="testRorPractic2" time="0.951" classname="SecondTestGreationGroup"/>
</testsuite> <!-- Default test -->
