<?xml version="1.0" encoding="UTF-8"?>
<!-- Generated by org.testng.reporters.JUnitXMLReporter -->
<testsuite hostname="SuperDell" name="Default test" tests="8" failures="0" timestamp="3 Oct 2016 20:07:43 GMT" time="27.415" errors="0">
  <testcase name="testCreatContact" time="3.179" classname="com.example.tests.OneMoreCreationContact"/>
  <testcase name="testCreateEmptyContact" time="2.367" classname="com.example.tests.OneMoreCreationContact"/>
  <testcase name="testEmptyGroup" time="2.197" classname="com.example.tests.PracticGroupsTests"/>
  <testcase name="testNonEmptyGroup" time="1.657" classname="com.example.tests.PracticGroupsTests"/>
  <testcase name="testCreatContact" time="2.53" classname="com.example.tests.CreationContact"/>
  <testcase name="testCreateEmptyContact" time="2.265" classname="com.example.tests.CreationContact"/>
  <testcase name="testEmptyGroup" time="1.52" classname="com.example.tests.PracticGroupsTestsCopy"/>
  <testcase name="testNonEmptyGroup" time="1.541" classname="com.example.tests.PracticGroupsTestsCopy"/>
</testsuite> <!-- Default test -->
